==1365== Memcheck, a memory error detector
==1365== Copyright (C) 2002-2009, and GNU GPL'd, by Julian Seward et al.
==1365== Using Valgrind-3.6.0.SVN-Debian and LibVEX; rerun with -h for copyright info
==1365== Command: RunCollatz.c++.app
==1365== 
1 10 20
100 200 125
201 210 89
900 1000 174
==1365== 
==1365== HEAP SUMMARY:
==1365==     in use at exit: 122,880 bytes in 6 blocks
==1365==   total heap usage: 6 allocs, 0 frees, 122,880 bytes allocated
==1365== 
==1365== LEAK SUMMARY:
==1365==    definitely lost: 0 bytes in 0 blocks
==1365==    indirectly lost: 0 bytes in 0 blocks
==1365==      possibly lost: 0 bytes in 0 blocks
==1365==    still reachable: 122,880 bytes in 6 blocks
==1365==         suppressed: 0 bytes in 0 blocks
==1365== Rerun with --leak-check=full to see details of leaked memory
==1365== 
==1365== For counts of detected and suppressed errors, rerun with: -v
==1365== ERROR SUMMARY: 0 errors from 0 contexts (suppressed: 4 from 4)
